[debug] [2020-08-06T06:43:58.231Z] ----------------------------------------------------------------------
[debug] [2020-08-06T06:43:58.232Z] Command:       /usr/local/bin/node /usr/local/bin/firebase init
[debug] [2020-08-06T06:43:58.233Z] CLI Version:   8.7.0
[debug] [2020-08-06T06:43:58.233Z] Platform:      darwin
[debug] [2020-08-06T06:43:58.233Z] Node Version:  v12.13.1
[debug] [2020-08-06T06:43:58.234Z] Time:          Thu Aug 06 2020 12:13:58 GMT+0530 (India Standard Time)
[debug] [2020-08-06T06:43:58.234Z] ----------------------------------------------------------------------
[debug] [2020-08-06T06:43:58.234Z] 
[debug] [2020-08-06T06:43:58.242Z] > command requires scopes: ["email","openid","https://www.googleapis.com/auth/cloudplatformprojects.readonly","https://www.googleapis.com/auth/firebase","https://www.googleapis.com/auth/cloud-platform"]
[debug] [2020-08-06T06:43:58.243Z] > authorizing via signed-in user
[info] 
     ######## #### ########  ######## ########     ###     ######  ########
     ##        ##  ##     ## ##       ##     ##  ##   ##  ##       ##
     ######    ##  ########  ######   ########  #########  ######  ######
     ##        ##  ##    ##  ##       ##     ## ##     ##       ## ##
     ##       #### ##     ## ######## ########  ##     ##  ######  ########

You're about to initialize a Firebase project in this directory:

  /Users/akashkumar/Downloads/Personal-Branding-Website-master

[info] 
=== Project Setup
[info] 
[info] First, let's associate this project directory with a Firebase project.
[info] You can create multiple project aliases by running firebase use --add, 
[info] but for now we'll just set up a default project.
[info] 
[debug] [2020-08-06T06:44:05.732Z] > refreshing access token with scopes: ["email","https://www.googleapis.com/auth/cloud-platform","https://www.googleapis.com/auth/cloudplatformprojects.readonly","https://www.googleapis.com/auth/firebase","openid"]
[debug] [2020-08-06T06:44:05.732Z] >>> HTTP REQUEST POST https://www.googleapis.com/oauth2/v3/token  
 <request body omitted>
[debug] [2020-08-06T06:44:06.055Z] <<< HTTP RESPONSE 400 {"content-type":"application/json; charset=utf-8","vary":"X-Origin, Referer, Origin,Accept-Encoding","date":"Thu, 06 Aug 2020 06:44:05 GMT","server":"scaffolding on HTTPServer2","cache-control":"private","x-xss-protection":"0","x-frame-options":"SAMEORIGIN","x-content-type-options":"nosniff","alt-svc":"h3-29=\":443\"; ma=2592000,h3-27=\":443\"; ma=2592000,h3-T050=\":443\"; ma=2592000,h3-Q050=\":443\"; ma=2592000,h3-Q046=\":443\"; ma=2592000,h3-Q043=\":443\"; ma=2592000,quic=\":443\"; ma=2592000; v=\"46,43\"","accept-ranges":"none","transfer-encoding":"chunked"}
[debug] [2020-08-06T06:44:06.056Z] >>> HTTP REQUEST GET https://firebase.googleapis.com/v1beta1/projects?pageSize=100  
 
[debug] [2020-08-06T06:44:06.473Z] <<< HTTP RESPONSE 401 {"www-authenticate":"Bearer realm=\"https://accounts.google.com/\", error=\"invalid_token\"","vary":"X-Origin, Referer, Origin,Accept-Encoding","content-type":"application/json; charset=UTF-8","date":"Thu, 06 Aug 2020 06:44:06 GMT","server":"ESF","cache-control":"private","x-xss-protection":"0","x-frame-options":"SAMEORIGIN","x-content-type-options":"nosniff","alt-svc":"h3-29=\":443\"; ma=2592000,h3-27=\":443\"; ma=2592000,h3-T050=\":443\"; ma=2592000,h3-Q050=\":443\"; ma=2592000,h3-Q046=\":443\"; ma=2592000,h3-Q043=\":443\"; ma=2592000,quic=\":443\"; ma=2592000; v=\"46,43\"","accept-ranges":"none","transfer-encoding":"chunked"}
[debug] [2020-08-06T06:44:06.473Z] <<< HTTP RESPONSE BODY {"error":{"code":401,"message":"Request had invalid authentication credentials. Expected OAuth 2 access token, login cookie or other valid authentication credential. See https://developers.google.com/identity/sign-in/web/devconsole-project.","status":"UNAUTHENTICATED"}}
[debug] [2020-08-06T06:44:06.474Z] HTTP Error: 401, Request had invalid authentication credentials. Expected OAuth 2 access token, login cookie or other valid authentication credential. See https://developers.google.com/identity/sign-in/web/devconsole-project.
[debug] [2020-08-06T06:44:06.682Z] FirebaseError: HTTP Error: 401, Request had invalid authentication credentials. Expected OAuth 2 access token, login cookie or other valid authentication credential. See https://developers.google.com/identity/sign-in/web/devconsole-project.
    at module.exports (/usr/local/lib/node_modules/firebase-tools/lib/responseToError.js:38:12)
    at Request._callback (/usr/local/lib/node_modules/firebase-tools/lib/api.js:41:35)
    at Request.self.callback (/usr/local/lib/node_modules/firebase-tools/node_modules/request/request.js:185:22)
    at Request.emit (events.js:210:5)
    at Request.EventEmitter.emit (domain.js:475:20)
    at Request.<anonymous> (/usr/local/lib/node_modules/firebase-tools/node_modules/request/request.js:1154:10)
    at Request.emit (events.js:210:5)
    at Request.EventEmitter.emit (domain.js:475:20)
    at IncomingMessage.<anonymous> (/usr/local/lib/node_modules/firebase-tools/node_modules/request/request.js:1076:12)
    at Object.onceWrapper (events.js:299:28)
    at IncomingMessage.emit (events.js:215:7)
    at IncomingMessage.EventEmitter.emit (domain.js:475:20)
    at endReadableNT (_stream_readable.js:1184:12)
    at processTicksAndRejections (internal/process/task_queues.js:80:21)
[error] 
[error] Error: Failed to list Firebase projects. See firebase-debug.log for more info.
[debug] [2020-08-06T06:44:11.478Z] ----------------------------------------------------------------------
[debug] [2020-08-06T06:44:11.480Z] Command:       /usr/local/bin/node /usr/local/bin/firebase init
[debug] [2020-08-06T06:44:11.480Z] CLI Version:   8.7.0
[debug] [2020-08-06T06:44:11.481Z] Platform:      darwin
[debug] [2020-08-06T06:44:11.481Z] Node Version:  v12.13.1
[debug] [2020-08-06T06:44:11.481Z] Time:          Thu Aug 06 2020 12:14:11 GMT+0530 (India Standard Time)
[debug] [2020-08-06T06:44:11.482Z] ----------------------------------------------------------------------
[debug] [2020-08-06T06:44:11.482Z] 
[debug] [2020-08-06T06:44:11.489Z] > command requires scopes: ["email","openid","https://www.googleapis.com/auth/cloudplatformprojects.readonly","https://www.googleapis.com/auth/firebase","https://www.googleapis.com/auth/cloud-platform"]
[debug] [2020-08-06T06:44:11.489Z] > authorizing via signed-in user
[info] 
     ######## #### ########  ######## ########     ###     ######  ########
     ##        ##  ##     ## ##       ##     ##  ##   ##  ##       ##
     ######    ##  ########  ######   ########  #########  ######  ######
     ##        ##  ##    ##  ##       ##     ## ##     ##       ## ##
     ##       #### ##     ## ######## ########  ##     ##  ######  ########

You're about to initialize a Firebase project in this directory:

  /Users/akashkumar/Downloads/Personal-Branding-Website-master

[info] 
=== Project Setup
[info] 
[info] First, let's associate this project directory with a Firebase project.
[info] You can create multiple project aliases by running firebase use --add, 
[info] but for now we'll just set up a default project.
[info] 
[info] i  If you want to create a project in a Google Cloud organization or folder, please use "firebase projects:create" instead, and return to this command when you've created the project. 
[debug] [2020-08-06T06:44:29.804Z] > refreshing access token with scopes: ["email","https://www.googleapis.com/auth/cloud-platform","https://www.googleapis.com/auth/cloudplatformprojects.readonly","https://www.googleapis.com/auth/firebase","openid"]
[debug] [2020-08-06T06:44:29.805Z] >>> HTTP REQUEST POST https://www.googleapis.com/oauth2/v3/token  
 <request body omitted>
[debug] [2020-08-06T06:44:30.114Z] <<< HTTP RESPONSE 400 {"content-type":"application/json; charset=utf-8","vary":"X-Origin, Referer, Origin,Accept-Encoding","date":"Thu, 06 Aug 2020 06:44:30 GMT","server":"scaffolding on HTTPServer2","cache-control":"private","x-xss-protection":"0","x-frame-options":"SAMEORIGIN","x-content-type-options":"nosniff","alt-svc":"h3-29=\":443\"; ma=2592000,h3-27=\":443\"; ma=2592000,h3-T050=\":443\"; ma=2592000,h3-Q050=\":443\"; ma=2592000,h3-Q046=\":443\"; ma=2592000,h3-Q043=\":443\"; ma=2592000,quic=\":443\"; ma=2592000; v=\"46,43\"","accept-ranges":"none","transfer-encoding":"chunked"}
[debug] [2020-08-06T06:44:30.115Z] >>> HTTP REQUEST POST https://cloudresourcemanager.googleapis.com/v1/projects  
 {"projectId":"personal","name":"branding"}
[debug] [2020-08-06T06:44:31.734Z] <<< HTTP RESPONSE 401 {"www-authenticate":"Bearer realm=\"https://accounts.google.com/\", error=\"invalid_token\"","vary":"X-Origin, Referer, Origin,Accept-Encoding","content-type":"application/json; charset=UTF-8","date":"Thu, 06 Aug 2020 06:44:31 GMT","server":"ESF","cache-control":"private","x-xss-protection":"0","x-frame-options":"SAMEORIGIN","x-content-type-options":"nosniff","server-timing":"gfet4t7; dur=1272","alt-svc":"h3-29=\":443\"; ma=2592000,h3-27=\":443\"; ma=2592000,h3-T050=\":443\"; ma=2592000,h3-Q050=\":443\"; ma=2592000,h3-Q046=\":443\"; ma=2592000,h3-Q043=\":443\"; ma=2592000,quic=\":443\"; ma=2592000; v=\"46,43\"","accept-ranges":"none","transfer-encoding":"chunked"}
[debug] [2020-08-06T06:44:31.734Z] <<< HTTP RESPONSE BODY {"error":{"code":401,"message":"Request had invalid authentication credentials. Expected OAuth 2 access token, login cookie or other valid authentication credential. See https://developers.google.com/identity/sign-in/web/devconsole-project.","status":"UNAUTHENTICATED"}}
[debug] [2020-08-06T06:44:31.969Z] FirebaseError: HTTP Error: 401, Request had invalid authentication credentials. Expected OAuth 2 access token, login cookie or other valid authentication credential. See https://developers.google.com/identity/sign-in/web/devconsole-project.
    at module.exports (/usr/local/lib/node_modules/firebase-tools/lib/responseToError.js:38:12)
    at Request._callback (/usr/local/lib/node_modules/firebase-tools/lib/api.js:41:35)
    at Request.self.callback (/usr/local/lib/node_modules/firebase-tools/node_modules/request/request.js:185:22)
    at Request.emit (events.js:210:5)
    at Request.EventEmitter.emit (domain.js:475:20)
    at Request.<anonymous> (/usr/local/lib/node_modules/firebase-tools/node_modules/request/request.js:1154:10)
    at Request.emit (events.js:210:5)
    at Request.EventEmitter.emit (domain.js:475:20)
    at IncomingMessage.<anonymous> (/usr/local/lib/node_modules/firebase-tools/node_modules/request/request.js:1076:12)
    at Object.onceWrapper (events.js:299:28)
    at IncomingMessage.emit (events.js:215:7)
    at IncomingMessage.EventEmitter.emit (domain.js:475:20)
    at endReadableNT (_stream_readable.js:1184:12)
    at processTicksAndRejections (internal/process/task_queues.js:80:21)
[error] 
[error] Error: Failed to create project. See firebase-debug.log for more info.
